# JRE version: Java(TM) SE Runtime Environment (8.0_51-b16) (build 1.8.0_51-b16)
# Java VM: Java HotSpot(TM) 64-Bit Server VM (25.51-b03 mixed mode windows-amd64 compressed oops)
Heap:
 PSYoungGen      total 141824K, used 3356K [0x000000076af00000, 0x000000077c400000, 0x00000007c0000000)
  eden space 131072K, 2% used [0x000000076af00000,0x000000076b247260,0x0000000772f00000)
  from space 10752K, 0% used [0x0000000772f00000,0x0000000772f00000,0x0000000773980000)
  to   space 10752K, 0% used [0x000000077b980000,0x000000077b980000,0x000000077c400000)
 ParOldGen       total 142336K, used 21475K [0x00000006c0c00000, 0x00000006c9700000, 0x000000076af00000)
  object space 142336K, 15% used [0x00000006c0c00000,0x00000006c20f8f50,0x00000006c9700000)
 Metaspace       used 20974K, capacity 21356K, committed 21504K, reserved 1069056K
  class space    used 2664K, capacity 2770K, committed 2816K, reserved 1048576K
GC Heap History (8 events):
Event: 0.562 GC heap before
{Heap before GC invocations=1 (full 0):
 PSYoungGen      total 76288K, used 65536K [0x000000076af00000, 0x0000000770400000, 0x00000007c0000000)
  eden space 65536K, 100% used [0x000000076af00000,0x000000076ef00000,0x000000076ef00000)
  from space 10752K, 0% used [0x000000076f980000,0x000000076f980000,0x0000000770400000)
  to   space 10752K, 0% used [0x000000076ef00000,0x000000076ef00000,0x000000076f980000)
 ParOldGen       total 175104K, used 0K [0x00000006c0c00000, 0x00000006cb700000, 0x000000076af00000)
  object space 175104K, 0% used [0x00000006c0c00000,0x00000006c0c00000,0x00000006cb700000)
 Metaspace       used 8056K, capacity 8136K, committed 8320K, reserved 1056768K
  class space    used 986K, capacity 1044K, committed 1152K, reserved 1048576K
Event: 0.568 GC heap after
Heap after GC invocations=1 (full 0):
 PSYoungGen      total 76288K, used 10732K [0x000000076af00000, 0x0000000774400000, 0x00000007c0000000)
  eden space 65536K, 0% used [0x000000076af00000,0x000000076af00000,0x000000076ef00000)
  from space 10752K, 99% used [0x000000076ef00000,0x000000076f97b210,0x000000076f980000)
  to   space 10752K, 0% used [0x0000000773980000,0x0000000773980000,0x0000000774400000)
 ParOldGen       total 175104K, used 5082K [0x00000006c0c00000, 0x00000006cb700000, 0x000000076af00000)
  object space 175104K, 2% used [0x00000006c0c00000,0x00000006c10f6820,0x00000006cb700000)
 Metaspace       used 8056K, capacity 8136K, committed 8320K, reserved 1056768K
  class space    used 986K, capacity 1044K, committed 1152K, reserved 1048576K
}
Event: 1.167 GC heap before
{Heap before GC invocations=2 (full 0):
 PSYoungGen      total 76288K, used 76268K [0x000000076af00000, 0x0000000774400000, 0x00000007c0000000)
  eden space 65536K, 100% used [0x000000076af00000,0x000000076ef00000,0x000000076ef00000)
  from space 10752K, 99% used [0x000000076ef00000,0x000000076f97b210,0x000000076f980000)
  to   space 10752K, 0% used [0x0000000773980000,0x0000000773980000,0x0000000774400000)
 ParOldGen       total 175104K, used 5082K [0x00000006c0c00000, 0x00000006cb700000, 0x000000076af00000)
  object space 175104K, 2% used [0x00000006c0c00000,0x00000006c10f6820,0x00000006cb700000)
 Metaspace       used 15302K, capacity 15466K, committed 15616K, reserved 1062912K
  class space    used 2018K, capacity 2047K, committed 2048K, reserved 1048576K
Event: 1.177 GC heap after
Heap after GC invocations=2 (full 0):
 PSYoungGen      total 141824K, used 10728K [0x000000076af00000, 0x0000000774400000, 0x00000007c0000000)
  eden space 131072K, 0% used [0x000000076af00000,0x000000076af00000,0x0000000772f00000)
  from space 10752K, 99% used [0x0000000773980000,0x00000007743fa140,0x0000000774400000)
  to   space 10752K, 0% used [0x0000000772f00000,0x0000000772f00000,0x0000000773980000)
 ParOldGen       total 175104K, used 18934K [0x00000006c0c00000, 0x00000006cb700000, 0x000000076af00000)
  object space 175104K, 10% used [0x00000006c0c00000,0x00000006c1e7d8b0,0x00000006cb700000)
 Metaspace       used 15302K, capacity 15466K, committed 15616K, reserved 1062912K
  class space    used 2018K, capacity 2047K, committed 2048K, reserved 1048576K
}
Event: 2.057 GC heap before
{Heap before GC invocations=3 (full 0):
 PSYoungGen      total 141824K, used 86086K [0x000000076af00000, 0x0000000774400000, 0x00000007c0000000)
  eden space 131072K, 57% used [0x000000076af00000,0x000000076f897aa0,0x0000000772f00000)
  from space 10752K, 99% used [0x0000000773980000,0x00000007743fa140,0x0000000774400000)
  to   space 10752K, 0% used [0x0000000772f00000,0x0000000772f00000,0x0000000773980000)
 ParOldGen       total 175104K, used 18934K [0x00000006c0c00000, 0x00000006cb700000, 0x000000076af00000)
  object space 175104K, 10% used [0x00000006c0c00000,0x00000006c1e7d8b0,0x00000006cb700000)
 Metaspace       used 20847K, capacity 21132K, committed 21248K, reserved 1067008K
  class space    used 2645K, capacity 2738K, committed 2816K, reserved 1048576K
Event: 2.067 GC heap after
Heap after GC invocations=3 (full 0):
 PSYoungGen      total 141824K, used 10728K [0x000000076af00000, 0x000000077c400000, 0x00000007c0000000)
  eden space 131072K, 0% used [0x000000076af00000,0x000000076af00000,0x0000000772f00000)
  from space 10752K, 99% used [0x0000000772f00000,0x000000077397a160,0x0000000773980000)
  to   space 10752K, 0% used [0x000000077b980000,0x000000077b980000,0x000000077c400000)
 ParOldGen       total 175104K, used 26306K [0x00000006c0c00000, 0x00000006cb700000, 0x000000076af00000)
  object space 175104K, 15% used [0x00000006c0c00000,0x00000006c25b08e0,0x00000006cb700000)
 Metaspace       used 20847K, capacity 21132K, committed 21248K, reserved 1067008K
  class space    used 2645K, capacity 2738K, committed 2816K, reserved 1048576K
}
Event: 2.067 GC heap before
{Heap before GC invocations=4 (full 1):
 PSYoungGen      total 141824K, used 10728K [0x000000076af00000, 0x000000077c400000, 0x00000007c0000000)
  eden space 131072K, 0% used [0x000000076af00000,0x000000076af00000,0x0000000772f00000)
  from space 10752K, 99% used [0x0000000772f00000,0x000000077397a160,0x0000000773980000)
  to   space 10752K, 0% used [0x000000077b980000,0x000000077b980000,0x000000077c400000)
 ParOldGen       total 175104K, used 26306K [0x00000006c0c00000, 0x00000006cb700000, 0x000000076af00000)
  object space 175104K, 15% used [0x00000006c0c00000,0x00000006c25b08e0,0x00000006cb700000)
 Metaspace       used 20847K, capacity 21132K, committed 21248K, reserved 1067008K
  class space    used 2645K, capacity 2738K, committed 2816K, reserved 1048576K
Event: 2.107 GC heap after
Heap after GC invocations=4 (full 1):
 PSYoungGen      total 141824K, used 0K [0x000000076af00000, 0x000000077c400000, 0x00000007c0000000)
  eden space 131072K, 0% used [0x000000076af00000,0x000000076af00000,0x0000000772f00000)
  from space 10752K, 0% used [0x0000000772f00000,0x0000000772f00000,0x0000000773980000)
  to   space 10752K, 0% used [0x000000077b980000,0x000000077b980000,0x000000077c400000)
 ParOldGen       total 142336K, used 21475K [0x00000006c0c00000, 0x00000006c9700000, 0x000000076af00000)
  object space 142336K, 15% used [0x00000006c0c00000,0x00000006c20f8f50,0x00000006c9700000)
 Metaspace       used 20847K, capacity 21132K, committed 21248K, reserved 1067008K
  class space    used 2645K, capacity 2738K, committed 2816K, reserved 1048576K
}

